\BOOKMARK [1][-]{section.1}{\376\377\000I\000n\000t\000r\000o\000d\000u\000c\000t\000i\000o\000n}{}% 1
\BOOKMARK [1][-]{section.2}{\376\377\000R\000e\000l\000a\000t\000e\000d\000\040\000W\000o\000r\000k}{}% 2
\BOOKMARK [2][-]{subsection.2.1}{\376\377\000I\000o\000T\000\040\000D\000e\000v\000i\000c\000e\000\040\000F\000i\000n\000g\000e\000r\000p\000r\000i\000n\000t\000i\000n\000g}{section.2}% 3
\BOOKMARK [2][-]{subsection.2.2}{\376\377\000A\000n\000o\000m\000a\000l\000y\000\040\000D\000e\000t\000e\000c\000t\000i\000o\000n\000\040\000a\000n\000d\000\040\000B\000o\000t\000n\000e\000t\000\040\000D\000e\000f\000e\000n\000s\000e}{section.2}% 4
\BOOKMARK [2][-]{subsection.2.3}{\376\377\000N\000-\000B\000a\000I\000o\000T\000\040\000D\000a\000t\000a\000s\000e\000t}{section.2}% 5
\BOOKMARK [2][-]{subsection.2.4}{\376\377\000I\000n\000t\000r\000u\000s\000i\000o\000n\000\040\000D\000e\000t\000e\000c\000t\000i\000o\000n\000\040\000S\000u\000r\000v\000e\000y\000s}{section.2}% 6
\BOOKMARK [2][-]{subsection.2.5}{\376\377\000E\000x\000p\000l\000a\000i\000n\000a\000b\000i\000l\000i\000t\000y\000\040\000i\000n\000\040\000S\000e\000c\000u\000r\000i\000t\000y\000\040\000S\000y\000s\000t\000e\000m\000s}{section.2}% 7
\BOOKMARK [2][-]{subsection.2.6}{\376\377\000R\000e\000s\000e\000a\000r\000c\000h\000\040\000G\000a\000p}{section.2}% 8
\BOOKMARK [1][-]{section.3}{\376\377\000P\000r\000o\000b\000l\000e\000m\000\040\000S\000t\000a\000t\000e\000m\000e\000n\000t}{}% 9
\BOOKMARK [1][-]{section.4}{\376\377\000D\000a\000t\000a\000s\000e\000t\000\040\000D\000e\000s\000c\000r\000i\000p\000t\000i\000o\000n}{}% 10
\BOOKMARK [2][-]{subsection.4.1}{\376\377\000N\000-\000B\000a\000I\000o\000T}{section.4}% 11
\BOOKMARK [1][-]{section.5}{\376\377\000F\000e\000a\000t\000u\000r\000e\000\040\000E\000n\000g\000i\000n\000e\000e\000r\000i\000n\000g}{}% 12
\BOOKMARK [1][-]{section.6}{\376\377\000S\000y\000s\000t\000e\000m\000\040\000A\000r\000c\000h\000i\000t\000e\000c\000t\000u\000r\000e}{}% 13
\BOOKMARK [1][-]{section.7}{\376\377\000P\000r\000e\000p\000r\000o\000c\000e\000s\000s\000i\000n\000g\000\040\000P\000i\000p\000e\000l\000i\000n\000e}{}% 14
\BOOKMARK [2][-]{subsection.7.1}{\376\377\000F\000e\000a\000t\000u\000r\000e\000\040\000N\000o\000r\000m\000a\000l\000i\000s\000a\000t\000i\000o\000n}{section.7}% 15
\BOOKMARK [2][-]{subsection.7.2}{\376\377\000C\000l\000a\000s\000s\000\040\000B\000a\000l\000a\000n\000c\000i\000n\000g\000\040\000w\000i\000t\000h\000\040\000S\000M\000O\000T\000E}{section.7}% 16
\BOOKMARK [2][-]{subsection.7.3}{\376\377\000D\000a\000t\000a\000s\000e\000t\000\040\000S\000p\000l\000i\000t\000s\000\040\000a\000n\000d\000\040\000T\000r\000a\000i\000n\000i\000n\000g\000\040\000P\000i\000p\000e\000l\000i\000n\000e}{section.7}% 17
\BOOKMARK [1][-]{section.8}{\376\377\000D\000e\000v\000i\000c\000e\000\040\000F\000i\000n\000g\000e\000r\000p\000r\000i\000n\000t\000i\000n\000g\000\040\000M\000o\000d\000e\000l\000s}{}% 18
\BOOKMARK [2][-]{subsection.8.1}{\376\377\000R\000a\000n\000d\000o\000m\000\040\000F\000o\000r\000e\000s\000t}{section.8}% 19
\BOOKMARK [2][-]{subsection.8.2}{\376\377\000G\000r\000a\000d\000i\000e\000n\000t\000\040\000B\000o\000o\000s\000t\000i\000n\000g}{section.8}% 20
\BOOKMARK [2][-]{subsection.8.3}{\376\377\000S\000u\000p\000p\000o\000r\000t\000\040\000V\000e\000c\000t\000o\000r\000\040\000M\000a\000c\000h\000i\000n\000e}{section.8}% 21
\BOOKMARK [2][-]{subsection.8.4}{\376\377\000V\000o\000t\000i\000n\000g\000\040\000E\000n\000s\000e\000m\000b\000l\000e}{section.8}% 22
\BOOKMARK [1][-]{section.9}{\376\377\000A\000n\000o\000m\000a\000l\000y\000\040\000D\000e\000t\000e\000c\000t\000i\000o\000n\000\040\000M\000o\000d\000e\000l\000s}{}% 23
\BOOKMARK [2][-]{subsection.9.1}{\376\377\000P\000e\000r\000-\000D\000e\000v\000i\000c\000e\000\040\000D\000e\000s\000i\000g\000n\000\040\000R\000a\000t\000i\000o\000n\000a\000l\000e}{section.9}% 24
\BOOKMARK [2][-]{subsection.9.2}{\376\377\000I\000s\000o\000l\000a\000t\000i\000o\000n\000\040\000F\000o\000r\000e\000s\000t}{section.9}% 25
\BOOKMARK [2][-]{subsection.9.3}{\376\377\000O\000n\000e\000-\000C\000l\000a\000s\000s\000\040\000S\000V\000M}{section.9}% 26
\BOOKMARK [2][-]{subsection.9.4}{\376\377\000W\000e\000i\000g\000h\000t\000e\000d\000\040\000E\000n\000s\000e\000m\000b\000l\000e\000\040\000S\000c\000o\000r\000e}{section.9}% 27
\BOOKMARK [1][-]{section.10}{\376\377\000E\000x\000p\000e\000r\000i\000m\000e\000n\000t\000a\000l\000\040\000R\000e\000s\000u\000l\000t\000s}{}% 28
\BOOKMARK [2][-]{subsection.10.1}{\376\377\000E\000x\000p\000e\000r\000i\000m\000e\000n\000t\000a\000l\000\040\000S\000e\000t\000u\000p}{section.10}% 29
\BOOKMARK [2][-]{subsection.10.2}{\376\377\000D\000e\000v\000i\000c\000e\000\040\000F\000i\000n\000g\000e\000r\000p\000r\000i\000n\000t\000i\000n\000g\000\040\000P\000e\000r\000f\000o\000r\000m\000a\000n\000c\000e}{section.10}% 30
\BOOKMARK [2][-]{subsection.10.3}{\376\377\000R\000O\000C\000\040\000C\000u\000r\000v\000e\000s}{section.10}% 31
\BOOKMARK [2][-]{subsection.10.4}{\376\377\000F\000e\000a\000t\000u\000r\000e\000\040\000I\000m\000p\000o\000r\000t\000a\000n\000c\000e}{section.10}% 32
\BOOKMARK [2][-]{subsection.10.5}{\376\377\000A\000n\000o\000m\000a\000l\000y\000\040\000D\000e\000t\000e\000c\000t\000i\000o\000n\000\040\000P\000e\000r\000f\000o\000r\000m\000a\000n\000c\000e}{section.10}% 33
\BOOKMARK [2][-]{subsection.10.6}{\376\377\000A\000b\000l\000a\000t\000i\000o\000n\000\040\000S\000t\000u\000d\000y}{section.10}% 34
\BOOKMARK [2][-]{subsection.10.7}{\376\377\000C\000o\000m\000p\000a\000r\000i\000s\000o\000n\000\040\000w\000i\000t\000h\000\040\000S\000t\000a\000t\000e\000-\000o\000f\000-\000t\000h\000e\000-\000A\000r\000t}{section.10}% 35
\BOOKMARK [1][-]{section.11}{\376\377\000R\000E\000S\000T\000\040\000A\000P\000I\000\040\000D\000e\000s\000i\000g\000n}{}% 36
\BOOKMARK [1][-]{section.12}{\376\377\000D\000a\000s\000h\000b\000o\000a\000r\000d\000\040\000D\000e\000s\000i\000g\000n}{}% 37
\BOOKMARK [1][-]{section.13}{\376\377\000E\000x\000p\000l\000a\000i\000n\000a\000b\000l\000e\000\040\000A\000I\000\040\000U\000s\000i\000n\000g\000\040\000S\000H\000A\000P}{}% 38
\BOOKMARK [2][-]{subsection.13.1}{\376\377\000S\000H\000A\000P\000\040\000F\000r\000a\000m\000e\000w\000o\000r\000k}{section.13}% 39
\BOOKMARK [2][-]{subsection.13.2}{\376\377\000T\000r\000e\000e\000E\000x\000p\000l\000a\000i\000n\000e\000r\000\040\000f\000o\000r\000\040\000R\000a\000n\000d\000o\000m\000\040\000F\000o\000r\000e\000s\000t}{section.13}% 40
\BOOKMARK [2][-]{subsection.13.3}{\376\377\000S\000H\000A\000P\000\040\000R\000e\000s\000u\000l\000t\000s}{section.13}% 41
\BOOKMARK [2][-]{subsection.13.4}{\376\377\000O\000p\000e\000r\000a\000t\000i\000o\000n\000a\000l\000\040\000U\000s\000e}{section.13}% 42
\BOOKMARK [1][-]{section.14}{\376\377\000T\000e\000c\000h\000n\000o\000l\000o\000g\000y\000\040\000S\000t\000a\000c\000k}{}% 43
\BOOKMARK [1][-]{section.15}{\376\377\000C\000o\000n\000c\000l\000u\000s\000i\000o\000n}{}% 44
\BOOKMARK [1][-]{section.16}{\376\377\000F\000u\000t\000u\000r\000e\000\040\000W\000o\000r\000k}{}% 45
\BOOKMARK [1][-]{section*.1}{\376\377\000R\000e\000f\000e\000r\000e\000n\000c\000e\000s}{}% 46
